2022-02-24 14:07:21,789 :INFO : test_contact :Fetched data for name field is:Nizam
2022-02-24 14:07:22,629 :INFO : test_contact :Fetched data for name field is:Ayaan
2022-02-24 14:07:22,629 :INFO : test_contact :Fetched data for name field is:Ayaan
2022-02-24 14:07:23,694 :INFO : test_contact :Fetched data for name field is:Amjada
2022-02-24 14:07:23,694 :INFO : test_contact :Fetched data for name field is:Amjada
2022-02-24 14:07:23,694 :INFO : test_contact :Fetched data for name field is:Amjada
2022-02-24 14:07:29,730 :INFO : test_e2e :The value passed by if condition is:Blackberry
2022-02-24 14:07:29,957 :INFO : test_e2e :Send key value Ind
2022-02-24 14:15:50,646 :INFO : test_contact :Fetched data for name field is:Nizam
2022-02-24 14:15:51,235 :INFO : test_contact :Fetched data for name field is:Ayaan
2022-02-24 14:15:51,235 :INFO : test_contact :Fetched data for name field is:Ayaan
2022-02-24 14:15:51,783 :INFO : test_contact :Fetched data for name field is:Amjada
2022-02-24 14:15:51,783 :INFO : test_contact :Fetched data for name field is:Amjada
2022-02-24 14:15:51,783 :INFO : test_contact :Fetched data for name field is:Amjada
2022-02-24 14:15:56,236 :INFO : test_e2e :The value passed by if condition is:Blackberry
2022-02-24 14:15:56,406 :INFO : test_e2e :Send key value Ind
2022-02-24 14:24:02,803 :INFO : test_contact :Fetched data for name field is:Nizam
2022-02-24 14:24:03,399 :INFO : test_contact :Fetched data for name field is:Ayaan
2022-02-24 14:24:03,399 :INFO : test_contact :Fetched data for name field is:Ayaan
2022-02-24 14:24:04,136 :INFO : test_contact :Fetched data for name field is:Amjada
2022-02-24 14:24:04,136 :INFO : test_contact :Fetched data for name field is:Amjada
2022-02-24 14:24:04,136 :INFO : test_contact :Fetched data for name field is:Amjada
2022-02-24 14:24:09,129 :INFO : test_e2e :The value passed by if condition is:Blackberry
2022-02-24 14:24:09,283 :INFO : test_e2e :Send key value Ind
2022-02-25 01:43:34,229 :INFO : test_contact :Fetched data for name field is:Nizam
2022-02-25 01:43:35,496 :INFO : test_contact :Fetched data for name field is:Ayaan
2022-02-25 01:43:35,496 :INFO : test_contact :Fetched data for name field is:Ayaan
2022-02-25 01:43:36,359 :INFO : test_contact :Fetched data for name field is:Amjada
2022-02-25 01:43:36,359 :INFO : test_contact :Fetched data for name field is:Amjada
2022-02-25 01:43:36,359 :INFO : test_contact :Fetched data for name field is:Amjada
2022-02-25 01:43:42,954 :INFO : test_e2e :The value passed by if condition is:Blackberry
2022-02-25 01:43:43,335 :INFO : test_e2e :Send key value Ind
2022-02-25 01:46:58,521 :INFO : test_contact :Fetched data for name field is:Nizam
2022-02-25 01:47:02,293 :INFO : test_contact :Fetched data for name field is:Ayaan
2022-02-25 01:47:02,293 :INFO : test_contact :Fetched data for name field is:Ayaan
2022-02-25 01:47:04,824 :INFO : test_contact :Fetched data for name field is:Amjada
2022-02-25 01:47:04,824 :INFO : test_contact :Fetched data for name field is:Amjada
2022-02-25 01:47:04,824 :INFO : test_contact :Fetched data for name field is:Amjada
2022-02-25 01:47:31,727 :INFO : test_e2e :The value passed by if condition is:Blackberry
2022-02-25 01:47:32,958 :INFO : test_e2e :Send key value Ind
2022-02-25 05:54:07,876 :INFO : test_contact :Fetched data for name field is:Nizam
2022-02-25 05:54:08,933 :INFO : test_contact :Fetched data for name field is:Ayaan
2022-02-25 05:54:08,933 :INFO : test_contact :Fetched data for name field is:Ayaan
2022-02-25 05:54:09,619 :INFO : test_contact :Fetched data for name field is:Amjada
2022-02-25 05:54:09,619 :INFO : test_contact :Fetched data for name field is:Amjada
2022-02-25 05:54:09,619 :INFO : test_contact :Fetched data for name field is:Amjada
2022-02-25 05:54:14,930 :INFO : test_e2e :The value passed by if condition is:Blackberry
2022-02-25 05:54:15,246 :INFO : test_e2e :Send key value Ind
2022-02-25 06:01:13,994 :INFO : test_contact :Fetched data for name field is:Nizam
2022-02-25 06:01:15,080 :INFO : test_contact :Fetched data for name field is:Ayaan
2022-02-25 06:01:15,080 :INFO : test_contact :Fetched data for name field is:Ayaan
2022-02-25 06:01:15,794 :INFO : test_contact :Fetched data for name field is:Amjada
2022-02-25 06:01:15,794 :INFO : test_contact :Fetched data for name field is:Amjada
2022-02-25 06:01:15,794 :INFO : test_contact :Fetched data for name field is:Amjada
2022-02-25 06:01:25,370 :INFO : test_e2e :The value passed by if condition is:Blackberry
2022-02-25 06:01:26,349 :INFO : test_e2e :Send key value Ind
